<?xml version="1.0" encoding="UTF-8"?>
<testng-results skipped="0" failed="0" ignored="0" total="2" passed="2">
  <reporter-output>
  </reporter-output>
  <suite name="Suite" duration-ms="3516" started-at="2019-04-18T11:49:27Z" finished-at="2019-04-18T11:49:31Z">
    <groups>
    </groups>
    <test name="Test" duration-ms="3516" started-at="2019-04-18T11:49:27Z" finished-at="2019-04-18T11:49:31Z">
      <class name="com.restAPI.Tests.GET_TestCase">
        <test-method status="PASS" signature="getTest()[pri:0, instance:com.restAPI.Tests.GET_TestCase@457e2f02]" name="getTest" duration-ms="1993" started-at="2019-04-18T11:49:27Z" finished-at="2019-04-18T11:49:29Z">
          <reporter-output>
          </reporter-output>
        </test-method> <!-- getTest -->
        <test-method status="PASS" signature="initialize()[pri:0, instance:com.restAPI.Tests.GET_TestCase@457e2f02]" name="initialize" is-config="true" duration-ms="0" started-at="2019-04-18T11:49:27Z" finished-at="2019-04-18T11:49:27Z">
          <reporter-output>
          </reporter-output>
        </test-method> <!-- initialize -->
      </class> <!-- com.restAPI.Tests.GET_TestCase -->
      <class name="com.restAPI.Tests.POST_TestCase">
        <test-method status="PASS" signature="postTest()[pri:0, instance:com.restAPI.Tests.POST_TestCase@5c7fa833]" name="postTest" duration-ms="1500" started-at="2019-04-18T11:49:29Z" finished-at="2019-04-18T11:49:31Z">
          <reporter-output>
          </reporter-output>
        </test-method> <!-- postTest -->
        <test-method status="PASS" signature="initialize()[pri:0, instance:com.restAPI.Tests.POST_TestCase@5c7fa833]" name="initialize" is-config="true" duration-ms="0" started-at="2019-04-18T11:49:29Z" finished-at="2019-04-18T11:49:29Z">
          <reporter-output>
          </reporter-output>
        </test-method> <!-- initialize -->
      </class> <!-- com.restAPI.Tests.POST_TestCase -->
    </test> <!-- Test -->
  </suite> <!-- Suite -->
</testng-results>
